<?xml version="1.0" encoding="UTF-8"?>
<!-- Generated by org.testng.reporters.JUnitXMLReporter -->
<testsuite hostname="LAPTOP-GEAVMM5J" name="SingleTest" tests="1" failures="0" timestamp="4 Nov 2020 10:30:42 GMT" time="0.113" errors="0">
  <testcase name="@BeforeMethod setUp" time="0.0" classname="BrowserStack.SingleTest">
    <failure type="java.io.FileNotFoundException" message="src\main\java\com\crm\qa\configsingle.conf.json (The system cannot find the file specified)">
      <![CDATA[java.io.FileNotFoundException: src\main\java\com\crm\qa\configsingle.conf.json (The system cannot find the file specified)
	at java.io.FileInputStream.open0(Native Method)
	at java.io.FileInputStream.open(FileInputStream.java:195)
	at java.io.FileInputStream.<init>(FileInputStream.java:138)
	at java.io.FileInputStream.<init>(FileInputStream.java:93)
	at java.io.FileReader.<init>(FileReader.java:58)
	at BrowserStack.BrowserStackTestNG.setUp(BrowserStackTestNG.java:27)
... Removed 26 stack frames]]>
    </failure>
  </testcase> <!-- @BeforeMethod setUp -->
  <testcase name="@AfterMethod tearDown" time="0.0" classname="BrowserStack.SingleTest">
    <failure type="java.lang.NullPointerException">
      <![CDATA[java.lang.NullPointerException
	at BrowserStack.BrowserStackTestNG.tearDown(BrowserStackTestNG.java:75)
... Removed 26 stack frames]]>
    </failure>
  </testcase> <!-- @AfterMethod tearDown -->
  <testcase name="test" time="0.002" classname="BrowserStack.SingleTest">
    <skipped/>
  </testcase> <!-- test -->
</testsuite> <!-- SingleTest -->
