<?xml version="1.0" encoding="UTF-8"?>
<!-- Generated by org.testng.reporters.JUnitXMLReporter -->
<testsuite hostname="LAPTOP-GEAVMM5J" name="Test CRM APP Test Cases" tests="5" failures="1" timestamp="28 Oct 2020 09:34:17 GMT" time="55.816" errors="0">
  <testcase name="loginPageTitleTest" time="0.036" classname="com.crm.qa.testcases.LoginPageTest"/>
  <testcase name="loginFuctionalityTest" time="0.506" classname="com.crm.qa.testcases.LoginPageTest"/>
  <testcase name="verifyHomePageTitleTest" time="0.022" classname="com.crm.qa.testcases.HomePageTest">
    <failure type="java.lang.AssertionError" message="Home page title not matched expected [Cogmento 1CRM] but found [Cogmento CRM]">
      <![CDATA[java.lang.AssertionError: Home page title not matched expected [Cogmento 1CRM] but found [Cogmento CRM]
	at com.crm.qa.testcases.HomePageTest.verifyHomePageTitleTest(HomePageTest.java:46)
... Removed 32 stack frames]]>
    </failure>
  </testcase> <!-- verifyHomePageTitleTest -->
  <testcase name="verifyUsernameDisplayedTest" time="1.998" classname="com.crm.qa.testcases.HomePageTest"/>
  <testcase name="verifyuserEmailDisplayedTest" time="2.944" classname="com.crm.qa.testcases.HomePageTest"/>
</testsuite> <!-- Test CRM APP Test Cases -->
