<?xml version="1.0" encoding="UTF-8"?>
<testng-results skipped="0" failed="1" total="5" passed="4">
  <reporter-output>
  </reporter-output>
  <suite name="Suite" duration-ms="85270" started-at="2020-11-04T11:29:42Z" finished-at="2020-11-04T11:31:08Z">
    <groups>
    </groups>
    <test name="Test CRM APP Test Cases" duration-ms="85270" started-at="2020-11-04T11:29:42Z" finished-at="2020-11-04T11:31:08Z">
      <class name="com.crm.qa.testcases.HomePageTest">
        <test-method status="PASS" signature="setUp()[pri:0, instance:com.crm.qa.testcases.HomePageTest@66a3ffec]" name="setUp" is-config="true" duration-ms="15332" started-at="2020-11-04T17:00:18Z" finished-at="2020-11-04T17:00:33Z">
          <reporter-output>
          </reporter-output>
        </test-method> <!-- setUp -->
        <test-method status="FAIL" signature="verifyHomePageTitleTest()[pri:0, instance:com.crm.qa.testcases.HomePageTest@66a3ffec]" name="verifyHomePageTitleTest" duration-ms="210" started-at="2020-11-04T17:00:33Z" finished-at="2020-11-04T17:00:33Z">
          <exception class="java.lang.AssertionError">
            <message>
              <![CDATA[Home page title not matched expected [Cogmento 1CRM] but found [Cogmento CRM]]]>
            </message>
            <full-stacktrace>
              <![CDATA[java.lang.AssertionError: Home page title not matched expected [Cogmento 1CRM] but found [Cogmento CRM]
	at org.testng.Assert.fail(Assert.java:94)
	at org.testng.Assert.failNotEquals(Assert.java:496)
	at org.testng.Assert.assertEquals(Assert.java:125)
	at org.testng.Assert.assertEquals(Assert.java:178)
	at com.crm.qa.testcases.HomePageTest.verifyHomePageTitleTest(HomePageTest.java:46)
	at sun.reflect.NativeMethodAccessorImpl.invoke0(Native Method)
	at sun.reflect.NativeMethodAccessorImpl.invoke(NativeMethodAccessorImpl.java:62)
	at sun.reflect.DelegatingMethodAccessorImpl.invoke(DelegatingMethodAccessorImpl.java:43)
	at java.lang.reflect.Method.invoke(Method.java:498)
	at org.testng.internal.MethodInvocationHelper.invokeMethod(MethodInvocationHelper.java:85)
	at org.testng.internal.Invoker.invokeMethod(Invoker.java:639)
	at org.testng.internal.Invoker.invokeTestMethod(Invoker.java:816)
	at org.testng.internal.Invoker.invokeTestMethods(Invoker.java:1124)
	at org.testng.internal.TestMethodWorker.invokeTestMethods(TestMethodWorker.java:125)
	at org.testng.internal.TestMethodWorker.run(TestMethodWorker.java:108)
	at org.testng.TestRunner.privateRun(TestRunner.java:774)
	at org.testng.TestRunner.run(TestRunner.java:624)
	at org.testng.SuiteRunner.runTest(SuiteRunner.java:359)
	at org.testng.SuiteRunner.runSequentially(SuiteRunner.java:354)
	at org.testng.SuiteRunner.privateRun(SuiteRunner.java:312)
	at org.testng.SuiteRunner.run(SuiteRunner.java:261)
	at org.testng.SuiteRunnerWorker.runSuite(SuiteRunnerWorker.java:52)
	at org.testng.SuiteRunnerWorker.run(SuiteRunnerWorker.java:86)
	at org.testng.TestNG.runSuitesSequentially(TestNG.java:1191)
	at org.testng.TestNG.runSuitesLocally(TestNG.java:1116)
	at org.testng.TestNG.run(TestNG.java:1024)
	at org.apache.maven.surefire.testng.TestNGExecutor.run(TestNGExecutor.java:284)
	at org.apache.maven.surefire.testng.TestNGXmlTestSuite.execute(TestNGXmlTestSuite.java:75)
	at org.apache.maven.surefire.testng.TestNGProvider.invoke(TestNGProvider.java:119)
	at org.apache.maven.surefire.booter.ForkedBooter.runSuitesInProcess(ForkedBooter.java:428)
	at org.apache.maven.surefire.booter.ForkedBooter.execute(ForkedBooter.java:162)
	at org.apache.maven.surefire.booter.ForkedBooter.run(ForkedBooter.java:562)
	at org.apache.maven.surefire.booter.ForkedBooter.main(ForkedBooter.java:548)
]]>
            </full-stacktrace>
          </exception> <!-- java.lang.AssertionError -->
          <reporter-output>
          </reporter-output>
        </test-method> <!-- verifyHomePageTitleTest -->
        <test-method status="PASS" signature="teardown()[pri:0, instance:com.crm.qa.testcases.HomePageTest@66a3ffec]" name="teardown" is-config="true" duration-ms="250" started-at="2020-11-04T17:00:33Z" finished-at="2020-11-04T17:00:33Z">
          <reporter-output>
          </reporter-output>
        </test-method> <!-- teardown -->
        <test-method status="PASS" signature="setUp()[pri:0, instance:com.crm.qa.testcases.HomePageTest@66a3ffec]" name="setUp" is-config="true" duration-ms="14805" started-at="2020-11-04T17:00:33Z" finished-at="2020-11-04T17:00:48Z">
          <reporter-output>
          </reporter-output>
        </test-method> <!-- setUp -->
        <test-method status="PASS" signature="verifyUsernameDisplayedTest()[pri:1, instance:com.crm.qa.testcases.HomePageTest@66a3ffec]" name="verifyUsernameDisplayedTest" duration-ms="1202" started-at="2020-11-04T17:00:48Z" finished-at="2020-11-04T17:00:49Z">
          <reporter-output>
          </reporter-output>
        </test-method> <!-- verifyUsernameDisplayedTest -->
        <test-method status="PASS" signature="teardown()[pri:0, instance:com.crm.qa.testcases.HomePageTest@66a3ffec]" name="teardown" is-config="true" duration-ms="265" started-at="2020-11-04T17:00:49Z" finished-at="2020-11-04T17:00:50Z">
          <reporter-output>
          </reporter-output>
        </test-method> <!-- teardown -->
        <test-method status="PASS" signature="setUp()[pri:0, instance:com.crm.qa.testcases.HomePageTest@66a3ffec]" name="setUp" is-config="true" duration-ms="15889" started-at="2020-11-04T17:00:50Z" finished-at="2020-11-04T17:01:06Z">
          <reporter-output>
          </reporter-output>
        </test-method> <!-- setUp -->
        <test-method status="PASS" signature="verifyuserEmailDisplayedTest()[pri:2, instance:com.crm.qa.testcases.HomePageTest@66a3ffec]" name="verifyuserEmailDisplayedTest" duration-ms="1924" started-at="2020-11-04T17:01:06Z" finished-at="2020-11-04T17:01:07Z">
          <reporter-output>
          </reporter-output>
        </test-method> <!-- verifyuserEmailDisplayedTest -->
        <test-method status="PASS" signature="teardown()[pri:0, instance:com.crm.qa.testcases.HomePageTest@66a3ffec]" name="teardown" is-config="true" duration-ms="249" started-at="2020-11-04T17:01:07Z" finished-at="2020-11-04T17:01:08Z">
          <reporter-output>
          </reporter-output>
        </test-method> <!-- teardown -->
      </class> <!-- com.crm.qa.testcases.HomePageTest -->
      <class name="com.crm.qa.testcases.LoginPageTest">
        <test-method status="PASS" signature="setUp()[pri:0, instance:com.crm.qa.testcases.LoginPageTest@3e6fa38a]" name="setUp" is-config="true" duration-ms="15239" started-at="2020-11-04T16:59:42Z" finished-at="2020-11-04T16:59:58Z">
          <reporter-output>
          </reporter-output>
        </test-method> <!-- setUp -->
        <test-method status="PASS" signature="loginPageTitleTest()[pri:0, instance:com.crm.qa.testcases.LoginPageTest@3e6fa38a]" name="loginPageTitleTest" duration-ms="243" started-at="2020-11-04T16:59:58Z" finished-at="2020-11-04T16:59:58Z">
          <reporter-output>
          </reporter-output>
        </test-method> <!-- loginPageTitleTest -->
        <test-method status="PASS" signature="teardown()[pri:0, instance:com.crm.qa.testcases.LoginPageTest@3e6fa38a]" name="teardown" is-config="true" duration-ms="356" started-at="2020-11-04T16:59:58Z" finished-at="2020-11-04T16:59:58Z">
          <reporter-output>
          </reporter-output>
        </test-method> <!-- teardown -->
        <test-method status="PASS" signature="setUp()[pri:0, instance:com.crm.qa.testcases.LoginPageTest@3e6fa38a]" name="setUp" is-config="true" duration-ms="15906" started-at="2020-11-04T16:59:58Z" finished-at="2020-11-04T17:00:14Z">
          <reporter-output>
          </reporter-output>
        </test-method> <!-- setUp -->
        <test-method status="PASS" signature="loginFuctionalityTest()[pri:1, instance:com.crm.qa.testcases.LoginPageTest@3e6fa38a]" name="loginFuctionalityTest" duration-ms="3016" started-at="2020-11-04T17:00:14Z" finished-at="2020-11-04T17:00:17Z">
          <reporter-output>
          </reporter-output>
        </test-method> <!-- loginFuctionalityTest -->
        <test-method status="PASS" signature="teardown()[pri:0, instance:com.crm.qa.testcases.LoginPageTest@3e6fa38a]" name="teardown" is-config="true" duration-ms="353" started-at="2020-11-04T17:00:17Z" finished-at="2020-11-04T17:00:18Z">
          <reporter-output>
          </reporter-output>
        </test-method> <!-- teardown -->
      </class> <!-- com.crm.qa.testcases.LoginPageTest -->
    </test> <!-- Test CRM APP Test Cases -->
  </suite> <!-- Suite -->
</testng-results>
