-------------------------------------------------------------------------------
Test set: TestSuite
-------------------------------------------------------------------------------
Tests run: 5, Failures: 1, Errors: 0, Skipped: 0, Time elapsed: 57.527 s <<< FAILURE! - in TestSuite
com.crm.qa.testcases.HomePageTest.verifyHomePageTitleTest  Time elapsed: 0.019 s  <<< FAILURE!
java.lang.AssertionError: Home page title not matched expected [Cogmento 1CRM] but found [Cogmento CRM]
	at com.crm.qa.testcases.HomePageTest.verifyHomePageTitleTest(HomePageTest.java:46)

