<?xml version="1.0" encoding="UTF-8"?>
<testsuite xmlns:xsi="http://www.w3.org/2001/XMLSchema-instance" xsi:noNamespaceSchemaLocation="https://maven.apache.org/surefire/maven-surefire-plugin/xsd/surefire-test-report-3.0.xsd" version="3.0" name="TestSuite" time="87.387" tests="5" errors="0" skipped="0" failures="1">
  <properties>
[...]
</properties>
  <testcase name="loginPageTitleTest" classname="com.crm.qa.testcases.LoginPageTest" time="0.238">
    <system-out><![CDATA[Before navigating to: 'https://ui.freecrm.com/'
Navigated to:'https://ui.freecrm.com/'
 INFO [main] (LoginPageTest.java:36)- Calling method validateLoginPageTitle() and storing in STRING title
title is Cogmento CRM
 INFO [main] (LoginPageTest.java:39)- After getting value in STRING title, now going to comapre using Assert
 INFO [main] (LoginPageTest.java:41)- Asserting finished
]]></system-out>
    <system-err><![CDATA[Nov 04, 2020 4:59:52 PM org.openqa.selenium.remote.ProtocolHandshake createSession
INFO: Detected dialect: OSS
]]></system-err>
  </testcase>
  <testcase name="loginFuctionalityTest" classname="com.crm.qa.testcases.LoginPageTest" time="3.017">
    <system-out><![CDATA[Before navigating to: 'https://ui.freecrm.com/'
Navigated to:'https://ui.freecrm.com/'
 INFO [main] (LoginPageTest.java:47)- Calling method loginFuctionalityTest() fuctionality checking for login
Trying to find Element By : By.name: email
Found Element By : By.name: email
Trying to find Element By : By.name: email
Found Element By : By.name: email
Trying to find Element By : By.name: password
Found Element By : By.name: password
Trying to find Element By : By.name: password
Found Element By : By.name: password
Trying to find Element By : By.xpath: //div[text()='Login']
Found Element By : By.xpath: //div[text()='Login']
Trying to find Element By : By.xpath: //div[text()='Login']
Found Element By : By.xpath: //div[text()='Login']
Trying to click on: [[RemoteWebDriver: chrome on WINDOWS (43cab8bbf70fee3634021f31590746c44b2d6efb)] -> xpath: //div[text()='Login']]
Clicked on: [[RemoteWebDriver: chrome on WINDOWS (43cab8bbf70fee3634021f31590746c44b2d6efb)] -> xpath: //div[text()='Login']]
 INFO [main] (LoginPageTest.java:49)- Fininshed checking functionality
]]></system-out>
    <system-err><![CDATA[Nov 04, 2020 5:00:08 PM org.openqa.selenium.remote.ProtocolHandshake createSession
INFO: Detected dialect: OSS
]]></system-err>
  </testcase>
  <testcase name="verifyHomePageTitleTest" classname="com.crm.qa.testcases.HomePageTest" time="0.219">
    <failure message="Home page title not matched expected [Cogmento 1CRM] but found [Cogmento CRM]" type="java.lang.AssertionError"><![CDATA[java.lang.AssertionError: Home page title not matched expected [Cogmento 1CRM] but found [Cogmento CRM]
	at com.crm.qa.testcases.HomePageTest.verifyHomePageTitleTest(HomePageTest.java:46)
]]></failure>
    <system-out><![CDATA[Before navigating to: 'https://ui.freecrm.com/'
Navigated to:'https://ui.freecrm.com/'
Trying to find Element By : By.name: email
Found Element By : By.name: email
Trying to find Element By : By.name: email
Found Element By : By.name: email
Trying to find Element By : By.name: password
Found Element By : By.name: password
Trying to find Element By : By.name: password
Found Element By : By.name: password
Trying to find Element By : By.xpath: //div[text()='Login']
Found Element By : By.xpath: //div[text()='Login']
Trying to find Element By : By.xpath: //div[text()='Login']
Found Element By : By.xpath: //div[text()='Login']
Trying to click on: [[RemoteWebDriver: chrome on WINDOWS (532cec4604f60c485a75e9bdcce7393b47dbf2eb)] -> xpath: //div[text()='Login']]
Clicked on: [[RemoteWebDriver: chrome on WINDOWS (532cec4604f60c485a75e9bdcce7393b47dbf2eb)] -> xpath: //div[text()='Login']]
 INFO [main] (HomePageTest.java:43)- Inside verifyHomePageTitleTest
 INFO [main] (HomePageTest.java:45)- Inside verifyHomePageTitleTest - HomePage Title Value Stored to String and Next step Asserting Starts...
]]></system-out>
    <system-err><![CDATA[Nov 04, 2020 5:00:26 PM org.openqa.selenium.remote.ProtocolHandshake createSession
INFO: Detected dialect: OSS
]]></system-err>
  </testcase>
  <testcase name="verifyUsernameDisplayedTest" classname="com.crm.qa.testcases.HomePageTest" time="1.2">
    <system-out><![CDATA[Before navigating to: 'https://ui.freecrm.com/'
Navigated to:'https://ui.freecrm.com/'
Trying to find Element By : By.name: email
Found Element By : By.name: email
Trying to find Element By : By.name: email
Found Element By : By.name: email
Trying to find Element By : By.name: password
Found Element By : By.name: password
Trying to find Element By : By.name: password
Found Element By : By.name: password
Trying to find Element By : By.xpath: //div[text()='Login']
Found Element By : By.xpath: //div[text()='Login']
Trying to find Element By : By.xpath: //div[text()='Login']
Found Element By : By.xpath: //div[text()='Login']
Trying to click on: [[RemoteWebDriver: chrome on WINDOWS (a01f82743a2ee34af5b44ed3b130939449eafc52)] -> xpath: //div[text()='Login']]
Clicked on: [[RemoteWebDriver: chrome on WINDOWS (a01f82743a2ee34af5b44ed3b130939449eafc52)] -> xpath: //div[text()='Login']]
 INFO [main] (HomePageTest.java:52)- Inside verifyUsernameDisplayedTest - Asserting Starts...
Trying to find Element By : By.xpath: //span[@class='user-display']
Found Element By : By.xpath: //span[@class='user-display']
 INFO [main] (HomePageTest.java:54)- Inside verifyUsernameDisplayedTest - Assert Finished
]]></system-out>
    <system-err><![CDATA[Nov 04, 2020 5:00:41 PM org.openqa.selenium.remote.ProtocolHandshake createSession
INFO: Detected dialect: OSS
]]></system-err>
  </testcase>
  <testcase name="verifyuserEmailDisplayedTest" classname="com.crm.qa.testcases.HomePageTest" time="1.919">
    <system-out><![CDATA[Before navigating to: 'https://ui.freecrm.com/'
Navigated to:'https://ui.freecrm.com/'
Trying to find Element By : By.name: email
Found Element By : By.name: email
Trying to find Element By : By.name: email
Found Element By : By.name: email
Trying to find Element By : By.name: password
Found Element By : By.name: password
Trying to find Element By : By.name: password
Found Element By : By.name: password
Trying to find Element By : By.xpath: //div[text()='Login']
Found Element By : By.xpath: //div[text()='Login']
Trying to find Element By : By.xpath: //div[text()='Login']
Found Element By : By.xpath: //div[text()='Login']
Trying to click on: [[RemoteWebDriver: chrome on WINDOWS (923a753711f57834e75999b701c4e76060544792)] -> xpath: //div[text()='Login']]
Clicked on: [[RemoteWebDriver: chrome on WINDOWS (923a753711f57834e75999b701c4e76060544792)] -> xpath: //div[text()='Login']]
 INFO [main] (HomePageTest.java:60)- Inside verifyuserEmailDisplayedTest - Asserting Starts...
Trying to find Element By : By.xpath: //span[text()='Calendar']
Found Element By : By.xpath: //span[text()='Calendar']
Trying to click on: [[RemoteWebDriver: chrome on WINDOWS (923a753711f57834e75999b701c4e76060544792)] -> xpath: //span[text()='Calendar']]
Clicked on: [[RemoteWebDriver: chrome on WINDOWS (923a753711f57834e75999b701c4e76060544792)] -> xpath: //span[text()='Calendar']]
Trying to find Element By : By.xpath: //label[contains(text(),'sonutitus12@gmail.com')]
Found Element By : By.xpath: //label[contains(text(),'sonutitus12@gmail.com')]
 INFO [main] (HomePageTest.java:62)- Inside verifyuserEmailDisplayedTest - Assert Finished
]]></system-out>
    <system-err><![CDATA[Nov 04, 2020 5:00:57 PM org.openqa.selenium.remote.ProtocolHandshake createSession
INFO: Detected dialect: OSS
]]></system-err>
  </testcase>
</testsuite>