<?xml version="1.0" encoding="UTF-8"?>
<testng-results skipped="0" failed="1" total="5" passed="4">
  <reporter-output>
  </reporter-output>
  <suite name="Suite" duration-ms="59810" started-at="2020-10-28T08:54:46Z" finished-at="2020-10-28T08:55:46Z">
    <groups>
    </groups>
    <test name="Test CRM APP Test Cases" duration-ms="59810" started-at="2020-10-28T08:54:46Z" finished-at="2020-10-28T08:55:46Z">
      <class name="com.crm.qa.testcases.HomePageTest">
        <test-method status="PASS" signature="setUp()[pri:0, instance:com.crm.qa.testcases.HomePageTest@148080bb]" name="setUp" is-config="true" duration-ms="9551" started-at="2020-10-28T14:25:06Z" finished-at="2020-10-28T14:25:16Z">
          <reporter-output>
          </reporter-output>
        </test-method> <!-- setUp -->
        <test-method status="FAIL" signature="verifyHomePageTitleTest()[pri:0, instance:com.crm.qa.testcases.HomePageTest@148080bb]" name="verifyHomePageTitleTest" duration-ms="41" started-at="2020-10-28T14:25:16Z" finished-at="2020-10-28T14:25:16Z">
          <exception class="java.lang.AssertionError">
            <message>
              <![CDATA[Home page title not matched expected [Cogmento 1CRM] but found [Cogmento CRM]]]>
            </message>
            <full-stacktrace>
              <![CDATA[java.lang.AssertionError: Home page title not matched expected [Cogmento 1CRM] but found [Cogmento CRM]
	at org.testng.Assert.fail(Assert.java:94)
	at org.testng.Assert.failNotEquals(Assert.java:496)
	at org.testng.Assert.assertEquals(Assert.java:125)
	at org.testng.Assert.assertEquals(Assert.java:178)
	at com.crm.qa.testcases.HomePageTest.verifyHomePageTitleTest(HomePageTest.java:46)
	at sun.reflect.NativeMethodAccessorImpl.invoke0(Native Method)
	at sun.reflect.NativeMethodAccessorImpl.invoke(NativeMethodAccessorImpl.java:62)
	at sun.reflect.DelegatingMethodAccessorImpl.invoke(DelegatingMethodAccessorImpl.java:43)
	at java.lang.reflect.Method.invoke(Method.java:498)
	at org.testng.internal.MethodInvocationHelper.invokeMethod(MethodInvocationHelper.java:85)
	at org.testng.internal.Invoker.invokeMethod(Invoker.java:639)
	at org.testng.internal.Invoker.invokeTestMethod(Invoker.java:816)
	at org.testng.internal.Invoker.invokeTestMethods(Invoker.java:1124)
	at org.testng.internal.TestMethodWorker.invokeTestMethods(TestMethodWorker.java:125)
	at org.testng.internal.TestMethodWorker.run(TestMethodWorker.java:108)
	at org.testng.TestRunner.privateRun(TestRunner.java:774)
	at org.testng.TestRunner.run(TestRunner.java:624)
	at org.testng.SuiteRunner.runTest(SuiteRunner.java:359)
	at org.testng.SuiteRunner.runSequentially(SuiteRunner.java:354)
	at org.testng.SuiteRunner.privateRun(SuiteRunner.java:312)
	at org.testng.SuiteRunner.run(SuiteRunner.java:261)
	at org.testng.SuiteRunnerWorker.runSuite(SuiteRunnerWorker.java:52)
	at org.testng.SuiteRunnerWorker.run(SuiteRunnerWorker.java:86)
	at org.testng.TestNG.runSuitesSequentially(TestNG.java:1191)
	at org.testng.TestNG.runSuitesLocally(TestNG.java:1116)
	at org.testng.TestNG.run(TestNG.java:1024)
	at org.testng.remote.AbstractRemoteTestNG.run(AbstractRemoteTestNG.java:114)
	at org.testng.remote.RemoteTestNG.initAndRun(RemoteTestNG.java:251)
	at org.testng.remote.RemoteTestNG.main(RemoteTestNG.java:77)
]]>
            </full-stacktrace>
          </exception> <!-- java.lang.AssertionError -->
          <reporter-output>
          </reporter-output>
        </test-method> <!-- verifyHomePageTitleTest -->
        <test-method status="PASS" signature="teardown()[pri:0, instance:com.crm.qa.testcases.HomePageTest@148080bb]" name="teardown" is-config="true" duration-ms="1139" started-at="2020-10-28T14:25:16Z" finished-at="2020-10-28T14:25:17Z">
          <reporter-output>
          </reporter-output>
        </test-method> <!-- teardown -->
        <test-method status="PASS" signature="setUp()[pri:0, instance:com.crm.qa.testcases.HomePageTest@148080bb]" name="setUp" is-config="true" duration-ms="9440" started-at="2020-10-28T14:25:17Z" finished-at="2020-10-28T14:25:27Z">
          <reporter-output>
          </reporter-output>
        </test-method> <!-- setUp -->
        <test-method status="PASS" signature="verifyUsernameDisplayedTest()[pri:1, instance:com.crm.qa.testcases.HomePageTest@148080bb]" name="verifyUsernameDisplayedTest" duration-ms="2147" started-at="2020-10-28T14:25:27Z" finished-at="2020-10-28T14:25:29Z">
          <reporter-output>
          </reporter-output>
        </test-method> <!-- verifyUsernameDisplayedTest -->
        <test-method status="PASS" signature="teardown()[pri:0, instance:com.crm.qa.testcases.HomePageTest@148080bb]" name="teardown" is-config="true" duration-ms="979" started-at="2020-10-28T14:25:29Z" finished-at="2020-10-28T14:25:30Z">
          <reporter-output>
          </reporter-output>
        </test-method> <!-- teardown -->
        <test-method status="PASS" signature="setUp()[pri:0, instance:com.crm.qa.testcases.HomePageTest@148080bb]" name="setUp" is-config="true" duration-ms="13130" started-at="2020-10-28T14:25:30Z" finished-at="2020-10-28T14:25:43Z">
          <reporter-output>
          </reporter-output>
        </test-method> <!-- setUp -->
        <test-method status="PASS" signature="verifyuserEmailDisplayedTest()[pri:2, instance:com.crm.qa.testcases.HomePageTest@148080bb]" name="verifyuserEmailDisplayedTest" duration-ms="1938" started-at="2020-10-28T14:25:43Z" finished-at="2020-10-28T14:25:45Z">
          <reporter-output>
          </reporter-output>
        </test-method> <!-- verifyuserEmailDisplayedTest -->
        <test-method status="PASS" signature="teardown()[pri:0, instance:com.crm.qa.testcases.HomePageTest@148080bb]" name="teardown" is-config="true" duration-ms="860" started-at="2020-10-28T14:25:45Z" finished-at="2020-10-28T14:25:46Z">
          <reporter-output>
          </reporter-output>
        </test-method> <!-- teardown -->
      </class> <!-- com.crm.qa.testcases.HomePageTest -->
      <class name="com.crm.qa.testcases.LoginPageTest">
        <test-method status="PASS" signature="setUp()[pri:0, instance:com.crm.qa.testcases.LoginPageTest@55d56113]" name="setUp" is-config="true" duration-ms="10299" started-at="2020-10-28T14:24:46Z" finished-at="2020-10-28T14:24:56Z">
          <reporter-output>
          </reporter-output>
        </test-method> <!-- setUp -->
        <test-method status="PASS" signature="loginPageTitleTest()[pri:0, instance:com.crm.qa.testcases.LoginPageTest@55d56113]" name="loginPageTitleTest" duration-ms="33" started-at="2020-10-28T14:24:56Z" finished-at="2020-10-28T14:24:56Z">
          <reporter-output>
          </reporter-output>
        </test-method> <!-- loginPageTitleTest -->
        <test-method status="PASS" signature="teardown()[pri:0, instance:com.crm.qa.testcases.LoginPageTest@55d56113]" name="teardown" is-config="true" duration-ms="805" started-at="2020-10-28T14:24:56Z" finished-at="2020-10-28T14:24:57Z">
          <reporter-output>
          </reporter-output>
        </test-method> <!-- teardown -->
        <test-method status="PASS" signature="setUp()[pri:0, instance:com.crm.qa.testcases.LoginPageTest@55d56113]" name="setUp" is-config="true" duration-ms="8084" started-at="2020-10-28T14:24:57Z" finished-at="2020-10-28T14:25:05Z">
          <reporter-output>
          </reporter-output>
        </test-method> <!-- setUp -->
        <test-method status="PASS" signature="loginFuctionalityTest()[pri:1, instance:com.crm.qa.testcases.LoginPageTest@55d56113]" name="loginFuctionalityTest" duration-ms="554" started-at="2020-10-28T14:25:05Z" finished-at="2020-10-28T14:25:06Z">
          <reporter-output>
          </reporter-output>
        </test-method> <!-- loginFuctionalityTest -->
        <test-method status="PASS" signature="teardown()[pri:0, instance:com.crm.qa.testcases.LoginPageTest@55d56113]" name="teardown" is-config="true" duration-ms="776" started-at="2020-10-28T14:25:06Z" finished-at="2020-10-28T14:25:06Z">
          <reporter-output>
          </reporter-output>
        </test-method> <!-- teardown -->
      </class> <!-- com.crm.qa.testcases.LoginPageTest -->
    </test> <!-- Test CRM APP Test Cases -->
  </suite> <!-- Suite -->
</testng-results>
